m_payment_id=0ad44f5b-4f3f-44f5-bb85-80de586237e1&pf_payment_id=2235759&payment_status=COMPLETE&item_name=SABI&item_description=&amount_gross=250.00&amount_fee=-5.75&amount_net=244.25&custom_str1=&custom_str2=&custom_str3=&custom_str4=&custom_str5=&custom_int1=&custom_int2=&custom_int3=&custom_int4=&custom_int5=&name_first=&name_last=&email_address=&merchant_id=10035158&signature=52ae15be86be7b8b171314f0d664a825
m_payment_id=e6c069f0-37ef-41fb-9023-e25b068ca88d&pf_payment_id=2235782&payment_status=COMPLETE&item_name=SABI&item_description=&amount_gross=250.00&amount_fee=-5.75&amount_net=244.25&custom_str1=&custom_str2=&custom_str3=&custom_str4=&custom_str5=&custom_int1=&custom_int2=&custom_int3=&custom_int4=&custom_int5=&name_first=&name_last=&email_address=&merchant_id=10035158&signature=bd36b3e660d71d288d21eeec22d52dd4
m_payment_id=87a0a33b-0853-4618-8122-296e85716601&pf_payment_id=2235784&payment_status=COMPLETE&item_name=SABI&item_description=&amount_gross=250.00&amount_fee=-5.75&amount_net=244.25&custom_str1=&custom_str2=&custom_str3=&custom_str4=&custom_str5=&custom_int1=&custom_int2=&custom_int3=&custom_int4=&custom_int5=&name_first=&name_last=&email_address=&merchant_id=10035158&signature=b3d58799271204081894173e27849f06
m_payment_id=e5eee4ca-71f0-40db-a782-b92b996dd6ff&pf_payment_id=2235787&payment_status=COMPLETE&item_name=SABI&item_description=&amount_gross=250.00&amount_fee=-5.75&amount_net=244.25&custom_str1=&custom_str2=&custom_str3=&custom_str4=&custom_str5=&custom_int1=&custom_int2=&custom_int3=&custom_int4=&custom_int5=&name_first=&name_last=&email_address=&merchant_id=10035158&signature=513e86f6be017fbb9735b93b407055ff
m_payment_id=4932a6c4-db12-4abe-b426-6aeb7fd865a0&pf_payment_id=2235792&payment_status=COMPLETE&item_name=SABI&item_description=&amount_gross=250.00&amount_fee=-5.75&amount_net=244.25&custom_str1=&custom_str2=&custom_str3=&custom_str4=&custom_str5=&custom_int1=&custom_int2=&custom_int3=&custom_int4=&custom_int5=&name_first=&name_last=&email_address=&merchant_id=10035158&signature=3898b61d6c37d1b5092bfe47e88efc00
m_payment_id=1616229c-bc2b-4163-9502-ae2def5dc97a&pf_payment_id=2235794&payment_status=COMPLETE&item_name=SABI&item_description=&amount_gross=250.00&amount_fee=-5.75&amount_net=244.25&custom_str1=&custom_str2=&custom_str3=&custom_str4=&custom_str5=&custom_int1=&custom_int2=&custom_int3=&custom_int4=&custom_int5=&name_first=&name_last=&email_address=&merchant_id=10035158&signature=399149818274ba3bae0c2e8d21168f6c
m_payment_id=f9487089-4a9a-4821-acc5-05ebad8a66c9&pf_payment_id=2235795&payment_status=COMPLETE&item_name=SABI&item_description=&amount_gross=250.00&amount_fee=-5.75&amount_net=244.25&custom_str1=&custom_str2=&custom_str3=&custom_str4=&custom_str5=&custom_int1=&custom_int2=&custom_int3=&custom_int4=&custom_int5=&name_first=&name_last=&email_address=&merchant_id=10035158&signature=e5246de1454e25e35239d284a0c04163
m_payment_id=0bfe6bbb-2e2f-4275-afb9-4b9ad69d82b4&pf_payment_id=2235800&payment_status=COMPLETE&item_name=SABI&item_description=&amount_gross=250.00&amount_fee=-5.75&amount_net=244.25&custom_str1=&custom_str2=&custom_str3=&custom_str4=&custom_str5=&custom_int1=&custom_int2=&custom_int3=&custom_int4=&custom_int5=&name_first=&name_last=&email_address=&merchant_id=10035158&signature=d37288211a76deafe38581abcbfb5143
m_payment_id=f33521fe-89e5-49ce-bb4a-4c906b6f3f93&pf_payment_id=2235803&payment_status=COMPLETE&item_name=SABI&item_description=&amount_gross=250.00&amount_fee=-5.75&amount_net=244.25&custom_str1=&custom_str2=&custom_str3=&custom_str4=&custom_str5=&custom_int1=&custom_int2=&custom_int3=&custom_int4=&custom_int5=&name_first=&name_last=&email_address=&merchant_id=10035158&signature=d7977c107e32b267d043fc0174ba9cd9
m_payment_id=1234&pf_payment_id=2237816&payment_status=COMPLETE&item_name=Order%23123&item_description=&amount_gross=10.00&amount_fee=-0.23&amount_net=9.77&custom_str1=&custom_str2=&custom_str3=&custom_str4=&custom_str5=&custom_int1=&custom_int2=&custom_int3=&custom_int4=&custom_int5=&name_first=First+Name&name_last=Last+Name&email_address=test%40test.com&merchant_id=10000100&signature=8aa38ae1e6e8958db52a7e4357f674c9
m_payment_id=1234&pf_payment_id=2237817&payment_status=COMPLETE&item_name=Order%23123&item_description=&amount_gross=10.00&amount_fee=-0.23&amount_net=9.77&custom_str1=&custom_str2=&custom_str3=&custom_str4=&custom_str5=&custom_int1=&custom_int2=&custom_int3=&custom_int4=&custom_int5=&name_first=First+Name&name_last=Last+Name&email_address=test%40test.com&merchant_id=10000100&signature=e12c1b76c6bfec301e8af68c20889ba1
{
  "clientCallbackUrl": "https://9b50-98-97-79-117.ngrok-free.app/webhook1",
  "narration": "BUYOUT",
  "transactionCategory": "SALES",
  "customer": {
    "name": "Muhammed",
    "email": "omenesa2013@gmail.com",
    "phoneNumber": "09088776655"
  },
  "userId": "66f28e583627f80f16c9ca0b",
  "amount": 1000,
  "requestId": "DFS-IMS-6358935945997138"
}
{"id":9316,"transactionId":"735808f9-2ad0-48d6-b235-0fbfda67e389","referenceId":"IF1963940947AEH1024","amount":1010.00,"accountId":"","type":"CREDIT","paymentMethod":"PAYLINK","subSourceStatus":null,"status":"APPROVED","requestId":"DFS-391-336-7477","clientCallbackUrl":"https://9b50-98-97-79-117.ngrok-free.app/webhook1","category":"SALES"}
{
    "id": 9316,
    "transactionId": "735808f9-2ad0-48d6-b235-0fbfda67e389",
    "referenceId": "IF1963940947AEH1024",
    "amount": 1010.00,
    "accountId": "",
    "type": "CREDIT",
    "paymentMethod": "PAYLINK",
    "subSourceStatus": null,
    "status": "APPROVED",
    "requestId": "DFS-391-336-7477",
    "clientCallbackUrl": "https://9b50-98-97-79-117.ngrok-free.app/webhook1",
    "category": "SALES"
}
